-------------------------------------------------------------------------------
Test set: Account Types
-------------------------------------------------------------------------------
Tests run: 1, Failures: 1, Errors: 0, Skipped: 0, Time elapsed: 30.776 s <<< FAILURE! - in Account Types
Store manager user(Account Types)  Time elapsed: 30.776 s  <<< FAILURE!
java.lang.AssertionError

